\BOOKMARK [1][-]{Doc-Start}{Список сокращений}{}% 1
\BOOKMARK [1][-]{Doc-Start}{Введение}{}% 2
\BOOKMARK [1][-]{section.1}{Обзор литературы}{}% 3
\BOOKMARK [2][-]{subsection.1.1}{Механизмы развития генетических патологий}{section.1}% 4
\BOOKMARK [2][-]{subsection.1.2}{Типы генетических аномалий, лежащих в основе генетических патологий}{section.1}% 5
\BOOKMARK [2][-]{subsection.1.3}{Функциональные классы генетических вариантов}{section.1}% 6
\BOOKMARK [2][-]{subsection.1.4}{Методы детекции генетических вариантов}{section.1}% 7
\BOOKMARK [2][-]{subsection.1.5}{Виды NGS}{section.1}% 8
\BOOKMARK [2][-]{subsection.1.6}{Базовая схема обработки результатов высокопроизводительного секвенирования для поиска и клинической интерпретации однонуклеотидных полиморфизмов}{section.1}% 9
\BOOKMARK [2][-]{subsection.1.7}{Аннотация, фильтрация и интерпретация результатов}{section.1}% 10
\BOOKMARK [2][-]{subsection.1.8}{Exo-C: суть метода}{section.1}% 11
\BOOKMARK [1][-]{section.2}{Материалы и методы}{}% 12
\BOOKMARK [1][-]{section.3}{Результаты}{}% 13
\BOOKMARK [2][-]{subsection.3.1}{Результаты секвенирования Exo-C-библиотек}{section.3}% 14
\BOOKMARK [2][-]{subsection.3.2}{Автоматизация обработки данных секвенирования}{section.3}% 15
\BOOKMARK [2][-]{subsection.3.3}{Сравнение данных секвенирования клеточной линии K562}{section.3}% 16
\BOOKMARK [1][-]{section.4}{Обсуждение результатов}{}% 17
\BOOKMARK [2][-]{subsection.4.1}{Контрольные образцы}{section.4}% 18
\BOOKMARK [2][-]{subsection.4.2}{Оценка результатов секвенирования Exo-C-библиотек}{section.4}% 19
\BOOKMARK [1][-]{subsection.4.2}{Предварительные выводы}{}% 20
\BOOKMARK [1][-]{Item.50}{План работы}{}% 21
\BOOKMARK [1][-]{Item.53}{Список литературы}{}% 22
\BOOKMARK [1][-]{appendix.A}{Краткое клиническое описание пациентов}{}% 23
